<?xml version="1.0" encoding="UTF-8"?>
<testng-results ignored="0" total="1" passed="1" failed="0" skipped="0">
  <reporter-output>
  </reporter-output>
  <suite started-at="2021-01-11T15:15:00 IST" name="Default suite" finished-at="2021-01-11T15:16:05 IST" duration-ms="64487">
    <groups>
      <group name="cucumber">
        <method signature="AbstractTestNGCucumberTests.feature(cucumber.api.testng.CucumberFeatureWrapper)[pri:0, instance:cucumberTest.TestRunner@44a7bfbc]" name="feature" class="cucumber.api.testng.AbstractTestNGCucumberTests"/>
      </group> <!-- cucumber -->
    </groups>
    <test started-at="2021-01-11T15:15:00 IST" name="Default test" finished-at="2021-01-11T15:16:05 IST" duration-ms="64487">
      <class name="cucumberTest.TestRunner">
        <test-method is-config="true" signature="setUpClass()[pri:0, instance:cucumberTest.TestRunner@44a7bfbc]" started-at="2021-01-11T15:15:00 IST" name="setUpClass" finished-at="2021-01-11T15:15:00 IST" duration-ms="292" status="PASS">
          <reporter-output>
          </reporter-output>
        </test-method> <!-- setUpClass -->
        <test-method signature="feature(cucumber.api.testng.CucumberFeatureWrapper)[pri:0, instance:cucumberTest.TestRunner@44a7bfbc]" started-at="2021-01-11T15:15:01 IST" name="feature" description="Runs Cucumber Feature" data-provider="features" finished-at="2021-01-11T15:16:05 IST" duration-ms="64033" status="PASS">
          <params>
            <param index="0">
              <value>
                <![CDATA[For Forgot password]]>
              </value>
            </param>
          </params>
          <reporter-output>
          </reporter-output>
        </test-method> <!-- feature -->
        <test-method is-config="true" signature="tearDownClass()[pri:0, instance:cucumberTest.TestRunner@44a7bfbc]" started-at="2021-01-11T15:16:05 IST" name="tearDownClass" finished-at="2021-01-11T15:16:05 IST" duration-ms="9" status="PASS">
          <reporter-output>
          </reporter-output>
        </test-method> <!-- tearDownClass -->
      </class> <!-- cucumberTest.TestRunner -->
    </test> <!-- Default test -->
  </suite> <!-- Default suite -->
</testng-results>
