<?xml version="1.0" encoding="UTF-8"?>
<testng-results ignored="0" total="1" passed="1" failed="0" skipped="0">
  <reporter-output>
  </reporter-output>
  <suite started-at="2021-01-08T15:26:44 IST" name="Default suite" finished-at="2021-01-08T15:27:38 IST" duration-ms="54389">
    <groups>
      <group name="cucumber">
        <method signature="AbstractTestNGCucumberTests.feature(cucumber.api.testng.CucumberFeatureWrapper)[pri:0, instance:cucumberTest.TestRunner@4e268090]" name="feature" class="cucumber.api.testng.AbstractTestNGCucumberTests"/>
      </group> <!-- cucumber -->
    </groups>
    <test started-at="2021-01-08T15:26:44 IST" name="Default test" finished-at="2021-01-08T15:27:38 IST" duration-ms="54389">
      <class name="cucumberTest.TestRunner">
        <test-method is-config="true" signature="setUpClass()[pri:0, instance:cucumberTest.TestRunner@4e268090]" started-at="2021-01-08T15:26:44 IST" name="setUpClass" finished-at="2021-01-08T15:26:44 IST" duration-ms="325" status="PASS">
          <reporter-output>
          </reporter-output>
        </test-method> <!-- setUpClass -->
        <test-method signature="feature(cucumber.api.testng.CucumberFeatureWrapper)[pri:0, instance:cucumberTest.TestRunner@4e268090]" started-at="2021-01-08T15:26:44 IST" name="feature" description="Runs Cucumber Feature" data-provider="features" finished-at="2021-01-08T15:27:38 IST" duration-ms="53909" status="PASS">
          <params>
            <param index="0">
              <value>
                <![CDATA[For Forgot password]]>
              </value>
            </param>
          </params>
          <reporter-output>
          </reporter-output>
        </test-method> <!-- feature -->
        <test-method is-config="true" signature="tearDownClass()[pri:0, instance:cucumberTest.TestRunner@4e268090]" started-at="2021-01-08T15:27:38 IST" name="tearDownClass" finished-at="2021-01-08T15:27:38 IST" duration-ms="7" status="PASS">
          <reporter-output>
          </reporter-output>
        </test-method> <!-- tearDownClass -->
      </class> <!-- cucumberTest.TestRunner -->
    </test> <!-- Default test -->
  </suite> <!-- Default suite -->
</testng-results>
