<?xml version="1.0" encoding="UTF-8"?>
<testng-results ignored="0" total="1" passed="1" failed="0" skipped="0">
  <reporter-output>
  </reporter-output>
  <suite started-at="2021-01-12T10:21:15 IST" name="Suite" finished-at="2021-01-12T10:24:13 IST" duration-ms="177884">
    <groups>
      <group name="cucumber">
        <method signature="AbstractTestNGCucumberTests.feature(cucumber.api.testng.CucumberFeatureWrapper)[pri:0, instance:testrunner.TestRunner@34f7cfd9]" name="feature" class="cucumber.api.testng.AbstractTestNGCucumberTests"/>
      </group> <!-- cucumber -->
    </groups>
    <test started-at="2021-01-12T10:21:15 IST" name="Test" finished-at="2021-01-12T10:24:13 IST" duration-ms="177884">
      <class name="testrunner.TestRunner">
        <test-method is-config="true" signature="setUpClass()[pri:0, instance:testrunner.TestRunner@34f7cfd9]" started-at="2021-01-12T10:21:15 IST" name="setUpClass" finished-at="2021-01-12T10:21:16 IST" duration-ms="326" status="PASS">
          <reporter-output>
          </reporter-output>
        </test-method> <!-- setUpClass -->
        <test-method signature="feature(cucumber.api.testng.CucumberFeatureWrapper)[pri:0, instance:testrunner.TestRunner@34f7cfd9]" started-at="2021-01-12T10:21:16 IST" name="feature" description="Runs Cucumber Feature" data-provider="features" finished-at="2021-01-12T10:24:13 IST" duration-ms="177096" status="PASS">
          <params>
            <param index="0">
              <value>
                <![CDATA[For testing functionalties of website]]>
              </value>
            </param>
          </params>
          <reporter-output>
          </reporter-output>
        </test-method> <!-- feature -->
        <test-method is-config="true" signature="tearDownClass()[pri:0, instance:testrunner.TestRunner@34f7cfd9]" started-at="2021-01-12T10:24:13 IST" name="tearDownClass" finished-at="2021-01-12T10:24:13 IST" duration-ms="239" status="PASS">
          <reporter-output>
          </reporter-output>
        </test-method> <!-- tearDownClass -->
      </class> <!-- testrunner.TestRunner -->
    </test> <!-- Test -->
  </suite> <!-- Suite -->
</testng-results>
